

Version:	3.12
CmdLine:	E:\BIOMETRICO\digitalperson\Biometrico_Marcaje\dist\Teledata.exe --l4j-debug
WOW64:		yes
Working dir:	E:\BIOMETRICO\digitalperson\Biometrico_Marcaje\dist\.
Java min ver:	1.008.000_171
Java max ver:	
32-bit search:	SOFTWARE\JavaSoft\Java Runtime Environment...
Check:		SOFTWARE\JavaSoft\Java Runtime Environment\1.7
Ignore:		1.007.000
Check:		SOFTWARE\JavaSoft\Java Runtime Environment\1.7.0_09
Ignore:		1.007.000_009
Check:		SOFTWARE\JavaSoft\Java Runtime Environment\1.8
Ignore:		1.008.000
Check:		SOFTWARE\JavaSoft\Java Runtime Environment\1.8.0_171
Check launcher:	C:\Program Files (x86)\Java\jre1.8.0_171\bin\javaw.exe (OK)
Match:		1.008.000_171
32-bit search:	SOFTWARE\JavaSoft\Java Development Kit...
Check:		SOFTWARE\JavaSoft\Java Development Kit\1.7
Ignore:		1.007.000
Check:		SOFTWARE\JavaSoft\Java Development Kit\1.7.0_09
Ignore:		1.007.000_009
32-bit search:	SOFTWARE\JavaSoft\JRE...
32-bit search:	SOFTWARE\JavaSoft\JDK...
Runtime used:	1.008.000_171 (32-bit)
Main class:	PRESENTACION.Biometrico_Marcaje
Add classpath:	lib\imgscalr-lib-4.2.jar
Add classpath:	lib\jcalendar-1.3.3.jar
Add classpath:	lib\swinger.jar
Add classpath:	lib\thumbnailator-0.4.7.jar
Add classpath:	lib\mysql-connector-java-5.1.23-bin.jar
Add classpath:	lib\AbsoluteLayout.jar
Launcher:	C:\Program Files (x86)\Java\jre1.8.0_171\bin\javaw.exe
Launcher args:	-classpath "lib\imgscalr-lib-4.2.jar;lib\jcalendar-1.3.3.jar;lib\swinger.jar;lib\thumbnailator-0.4.7.jar;lib\mysql-connector-java-5.1.23-bin.jar;lib\AbsoluteLayout.jar" PRESENTACION.Biometrico_Marcaje
Args length:	200/32768 chars
C:\Program Files (x86)\Java\jre1.8.0_171Exit code:	0


Version:	3.12
CmdLine:	E:\BIOMETRICO\digitalperson\Biometrico_Marcaje\dist\Teledata.exe --l4j-debug
WOW64:		yes
Working dir:	E:\BIOMETRICO\digitalperson\Biometrico_Marcaje\dist\.
Java min ver:	1.008.000_171
Java max ver:	
32-bit search:	SOFTWARE\JavaSoft\Java Runtime Environment...
Check:		SOFTWARE\JavaSoft\Java Runtime Environment\1.7
Ignore:		1.007.000
Check:		SOFTWARE\JavaSoft\Java Runtime Environment\1.7.0_09
Ignore:		1.007.000_009
Check:		SOFTWARE\JavaSoft\Java Runtime Environment\1.8
Ignore:		1.008.000
Check:		SOFTWARE\JavaSoft\Java Runtime Environment\1.8.0_171
Check launcher:	C:\Program Files (x86)\Java\jre1.8.0_171\bin\javaw.exe (OK)
Match:		1.008.000_171
32-bit search:	SOFTWARE\JavaSoft\Java Development Kit...
Check:		SOFTWARE\JavaSoft\Java Development Kit\1.7
Ignore:		1.007.000
Check:		SOFTWARE\JavaSoft\Java Development Kit\1.7.0_09
Ignore:		1.007.000_009
32-bit search:	SOFTWARE\JavaSoft\JRE...
32-bit search:	SOFTWARE\JavaSoft\JDK...
Runtime used:	1.008.000_171 (32-bit)
Main class:	PRESENTACION.Biometrico_Marcaje
Add classpath:	lib\imgscalr-lib-4.2.jar
Add classpath:	lib\jcalendar-1.3.3.jar
Add classpath:	lib\swinger.jar
Add classpath:	lib\thumbnailator-0.4.7.jar
Add classpath:	lib\mysql-connector-java-5.1.23-bin.jar
Add classpath:	lib\AbsoluteLayout.jar
Launcher:	C:\Program Files (x86)\Java\jre1.8.0_171\bin\javaw.exe
Launcher args:	-classpath "lib\imgscalr-lib-4.2.jar;lib\jcalendar-1.3.3.jar;lib\swinger.jar;lib\thumbnailator-0.4.7.jar;lib\mysql-connector-java-5.1.23-bin.jar;lib\AbsoluteLayout.jar" PRESENTACION.Biometrico_Marcaje
Args length:	200/32768 chars
Exit code:	0
